<?xml version="1.0" encoding="UTF-8"?>
<testng-results skipped="0" failed="0" ignored="0" total="1" passed="1">
  <reporter-output>
  </reporter-output>
  <suite name="pawaskar.prachi.PageObjectModelTutorial.TestsToExecute" duration-ms="22383" started-at="2019-08-21T16:31:10 IST" finished-at="2019-08-21T16:31:32 IST">
    <groups>
    </groups>
    <test name="Command line test" duration-ms="22383" started-at="2019-08-21T16:31:10 IST" finished-at="2019-08-21T16:31:32 IST">
      <class name="pawaskar.prachi.PageObjectModelTutorial.TestsToExecute">
        <test-method status="PASS" signature="beforeTest()[pri:0, instance:pawaskar.prachi.PageObjectModelTutorial.TestsToExecute@26be92ad]" name="beforeTest" is-config="true" duration-ms="16754" started-at="2019-08-21T16:31:10 IST" finished-at="2019-08-21T16:31:27 IST">
          <reporter-output>
          </reporter-output>
        </test-method> <!-- beforeTest -->
        <test-method status="PASS" signature="verifyLogin()[pri:0, instance:pawaskar.prachi.PageObjectModelTutorial.TestsToExecute@26be92ad]" name="verifyLogin" duration-ms="5178" started-at="2019-08-21T16:31:27 IST" finished-at="2019-08-21T16:31:32 IST">
          <reporter-output>
          </reporter-output>
        </test-method> <!-- verifyLogin -->
        <test-method status="PASS" signature="afterTest()[pri:0, instance:pawaskar.prachi.PageObjectModelTutorial.TestsToExecute@26be92ad]" name="afterTest" is-config="true" duration-ms="263" started-at="2019-08-21T16:31:32 IST" finished-at="2019-08-21T16:31:32 IST">
          <reporter-output>
          </reporter-output>
        </test-method> <!-- afterTest -->
      </class> <!-- pawaskar.prachi.PageObjectModelTutorial.TestsToExecute -->
    </test> <!-- Command line test -->
  </suite> <!-- pawaskar.prachi.PageObjectModelTutorial.TestsToExecute -->
</testng-results>
